This is pdfTeX, Version 3.14159265-2.6-1.40.16 (TeX Live 2015/W32TeX) (preloaded format=pdflatex 2016.4.7)  18 OCT 2016 12:03
entering extended mode
 restricted \write18 enabled.
 %&-line parsing enabled.
**./conference_poster_3.tex
(./conference_poster_3.tex
LaTeX2e <2016/03/31>
Babel <3.9q> and hyphenation patterns for 81 language(s) loaded.
(./baposter.cls
Document Class: baposter 2011/11/26 v2.0 baposter class

(//WorkSpace.rug.nl/aps/ServerBased/TexLive/2015/texmf-dist/tex/latex/base/arti
cle.cls
Document Class: article 2014/09/29 v1.4h Standard LaTeX document class

(//WorkSpace.rug.nl/aps/ServerBased/TexLive/2015/texmf-dist/tex/latex/base/size
10.clo
File: size10.clo 2014/09/29 v1.4h Standard LaTeX file (size option)
)
\c@part=\count79
\c@section=\count80
\c@subsection=\count81
\c@subsubsection=\count82
\c@paragraph=\count83
\c@subparagraph=\count84
\c@figure=\count85
\c@table=\count86
\abovecaptionskip=\skip41
\belowcaptionskip=\skip42
\bibindent=\dimen102
)
baposter: Brian Amberg, 2007, 2008, 2009, 2010, 2011 | http://www.brian-amberg.
de/uni/poster/
baposter: Reinhold Kainhofer, 2011 | http://reinhold.kainhofer.com/
\baposter@basepaperwidth=\skip43
\baposter@basepaperheight=\skip44
\baposter@basemargin=\skip45
\baposter@finalpaperwidth=\skip46
\baposter@finalpaperheight=\skip47
\baposter@finalmargin=\skip48
\headerheight=\skip49
\colwidth=\skip50
\colheight=\skip51
\baposter@@colspacing=\skip52
\baposter@box@@cornerradius=\skip53
\baposter@box@@boxheaderheight=\skip54
\baposter@box@@boxpadding=\skip55
\boxstartx=\skip56
\boxstarty=\skip57
\boxwidth=\skip58
\boxheight=\skip59
\baposter@titleimage@left@width=\skip60
\baposter@titleimage@right@width=\skip61
\baposter@titleimage@textwidth=\skip62
\baposter@box@content=\box26
\baposter@titleimage@left=\box27
\baposter@titleimage@title=\box28
\baposter@titleimage@right=\box29
Use Packages

(//WorkSpace.rug.nl/aps/ServerBased/TexLive/2015/texmf-dist/tex/latex/xkeyval/x
keyval.sty
Package: xkeyval 2014/12/03 v2.7a package option processing (HA)

(//WorkSpace.rug.nl/aps/ServerBased/TexLive/2015/texmf-dist/tex/generic/xkeyval
/xkeyval.tex
(//WorkSpace.rug.nl/aps/ServerBased/TexLive/2015/texmf-dist/tex/generic/xkeyval
/xkvutils.tex
\XKV@toks=\toks14
\XKV@tempa@toks=\toks15

(//WorkSpace.rug.nl/aps/ServerBased/TexLive/2015/texmf-dist/tex/generic/xkeyval
/keyval.tex))
\XKV@depth=\count87
File: xkeyval.tex 2014/12/03 v2.7a key=value parser (HA)
))
(//WorkSpace.rug.nl/aps/ServerBased/TexLive/2015/texmf-dist/tex/latex/tools/cal
c.sty
Package: calc 2014/10/28 v4.3 Infix arithmetic (KKT,FJ)
\calc@Acount=\count88
\calc@Bcount=\count89
\calc@Adimen=\dimen103
\calc@Bdimen=\dimen104
\calc@Askip=\skip63
\calc@Bskip=\skip64
LaTeX Info: Redefining \setlength on input line 80.
LaTeX Info: Redefining \addtolength on input line 81.
\calc@Ccount=\count90
\calc@Cskip=\skip65
)
(//WorkSpace.rug.nl/aps/ServerBased/TexLive/2015/texmf-dist/tex/latex/xcolor/xc
olor.sty
Package: xcolor 2007/01/21 v2.11 LaTeX color extensions (UK)

(//WorkSpace.rug.nl/aps/ServerBased/TexLive/2015/texmf-dist/tex/latex/latexconf
ig/color.cfg
File: color.cfg 2007/01/18 v1.5 color configuration of teTeX/TeXLive
)
Package xcolor Info: Driver file: pdftex.def on input line 225.

(//WorkSpace.rug.nl/aps/ServerBased/TexLive/2015/texmf-dist/tex/latex/pdftex-de
f/pdftex.def
File: pdftex.def 2011/05/27 v0.06d Graphics/color for pdfTeX

(//WorkSpace.rug.nl/aps/ServerBased/TexLive/2015/texmf-dist/tex/generic/oberdie
k/infwarerr.sty
Package: infwarerr 2010/04/08 v1.3 Providing info/warning/error messages (HO)
)
(//WorkSpace.rug.nl/aps/ServerBased/TexLive/2015/texmf-dist/tex/generic/oberdie
k/ltxcmds.sty
Package: ltxcmds 2011/11/09 v1.22 LaTeX kernel commands for general use (HO)
)
\Gread@gobject=\count91
)
Package xcolor Info: Model `cmy' substituted by `cmy0' on input line 1337.
Package xcolor Info: Model `hsb' substituted by `rgb' on input line 1341.
Package xcolor Info: Model `RGB' extended on input line 1353.
Package xcolor Info: Model `HTML' substituted by `rgb' on input line 1355.
Package xcolor Info: Model `Hsb' substituted by `hsb' on input line 1356.
Package xcolor Info: Model `tHsb' substituted by `hsb' on input line 1357.
Package xcolor Info: Model `HSB' substituted by `hsb' on input line 1358.
Package xcolor Info: Model `Gray' substituted by `gray' on input line 1359.
Package xcolor Info: Model `wave' substituted by `hsb' on input line 1360.
)
(//WorkSpace.rug.nl/aps/ServerBased/TexLive/2015/texmf-dist/tex/latex/pgf/front
endlayer/tikz.sty
(//WorkSpace.rug.nl/aps/ServerBased/TexLive/2015/texmf-dist/tex/latex/pgf/basic
layer/pgf.sty
(//WorkSpace.rug.nl/aps/ServerBased/TexLive/2015/texmf-dist/tex/latex/pgf/utili
ties/pgfrcs.sty
(//WorkSpace.rug.nl/aps/ServerBased/TexLive/2015/texmf-dist/tex/generic/pgf/uti
lities/pgfutil-common.tex
\pgfutil@everybye=\toks16
\pgfutil@tempdima=\dimen105
\pgfutil@tempdimb=\dimen106

(//WorkSpace.rug.nl/aps/ServerBased/TexLive/2015/texmf-dist/tex/generic/pgf/uti
lities/pgfutil-common-lists.tex))
(//WorkSpace.rug.nl/aps/ServerBased/TexLive/2015/texmf-dist/tex/generic/pgf/uti
lities/pgfutil-latex.def
\pgfutil@abb=\box30

(//WorkSpace.rug.nl/aps/ServerBased/TexLive/2015/texmf-dist/tex/latex/ms/everys
hi.sty
Package: everyshi 2001/05/15 v3.00 EveryShipout Package (MS)
))
(//WorkSpace.rug.nl/aps/ServerBased/TexLive/2015/texmf-dist/tex/generic/pgf/uti
lities/pgfrcs.code.tex
Package: pgfrcs 2015/08/07 v3.0.1a (rcs-revision 1.31)
))
Package: pgf 2015/08/07 v3.0.1a (rcs-revision 1.15)

(//WorkSpace.rug.nl/aps/ServerBased/TexLive/2015/texmf-dist/tex/latex/pgf/basic
layer/pgfcore.sty
(//WorkSpace.rug.nl/aps/ServerBased/TexLive/2015/texmf-dist/tex/latex/graphics/
graphicx.sty
Package: graphicx 2014/10/28 v1.0g Enhanced LaTeX Graphics (DPC,SPQR)

(//WorkSpace.rug.nl/aps/ServerBased/TexLive/2015/texmf-dist/tex/latex/graphics/
graphics.sty
Package: graphics 2016/01/03 v1.0q Standard LaTeX Graphics (DPC,SPQR)

(//WorkSpace.rug.nl/aps/ServerBased/TexLive/2015/texmf-dist/tex/latex/graphics/
trig.sty
Package: trig 2016/01/03 v1.10 sin cos tan (DPC)
)
(//WorkSpace.rug.nl/aps/ServerBased/TexLive/2015/texmf-dist/tex/latex/latexconf
ig/graphics.cfg
File: graphics.cfg 2010/04/23 v1.9 graphics configuration of TeX Live
)
Package graphics Info: Driver file: pdftex.def on input line 95.
)
\Gin@req@height=\dimen107
\Gin@req@width=\dimen108
)
(//WorkSpace.rug.nl/aps/ServerBased/TexLive/2015/texmf-dist/tex/latex/pgf/syste
mlayer/pgfsys.sty
(//WorkSpace.rug.nl/aps/ServerBased/TexLive/2015/texmf-dist/tex/generic/pgf/sys
temlayer/pgfsys.code.tex
Package: pgfsys 2014/07/09 v3.0.1a (rcs-revision 1.48)

(//WorkSpace.rug.nl/aps/ServerBased/TexLive/2015/texmf-dist/tex/generic/pgf/uti
lities/pgfkeys.code.tex
\pgfkeys@pathtoks=\toks17
\pgfkeys@temptoks=\toks18

(//WorkSpace.rug.nl/aps/ServerBased/TexLive/2015/texmf-dist/tex/generic/pgf/uti
lities/pgfkeysfiltered.code.tex
\pgfkeys@tmptoks=\toks19
))
\pgf@x=\dimen109
\pgf@y=\dimen110
\pgf@xa=\dimen111
\pgf@ya=\dimen112
\pgf@xb=\dimen113
\pgf@yb=\dimen114
\pgf@xc=\dimen115
\pgf@yc=\dimen116
\w@pgf@writea=\write3
\r@pgf@reada=\read1
\c@pgf@counta=\count92
\c@pgf@countb=\count93
\c@pgf@countc=\count94
\c@pgf@countd=\count95
\t@pgf@toka=\toks20
\t@pgf@tokb=\toks21
\t@pgf@tokc=\toks22

(//WorkSpace.rug.nl/aps/ServerBased/TexLive/2015/texmf-dist/tex/generic/pgf/sys
temlayer/pgf.cfg
File: pgf.cfg 2008/05/14  (rcs-revision 1.7)
)
Driver file for pgf: pgfsys-pdftex.def

(//WorkSpace.rug.nl/aps/ServerBased/TexLive/2015/texmf-dist/tex/generic/pgf/sys
temlayer/pgfsys-pdftex.def
File: pgfsys-pdftex.def 2014/10/11  (rcs-revision 1.35)

(//WorkSpace.rug.nl/aps/ServerBased/TexLive/2015/texmf-dist/tex/generic/pgf/sys
temlayer/pgfsys-common-pdf.def
File: pgfsys-common-pdf.def 2013/10/10  (rcs-revision 1.13)
)))
(//WorkSpace.rug.nl/aps/ServerBased/TexLive/2015/texmf-dist/tex/generic/pgf/sys
temlayer/pgfsyssoftpath.code.tex
File: pgfsyssoftpath.code.tex 2013/09/09  (rcs-revision 1.9)
\pgfsyssoftpath@smallbuffer@items=\count96
\pgfsyssoftpath@bigbuffer@items=\count97
)
(//WorkSpace.rug.nl/aps/ServerBased/TexLive/2015/texmf-dist/tex/generic/pgf/sys
temlayer/pgfsysprotocol.code.tex
File: pgfsysprotocol.code.tex 2006/10/16  (rcs-revision 1.4)
))
(//WorkSpace.rug.nl/aps/ServerBased/TexLive/2015/texmf-dist/tex/generic/pgf/bas
iclayer/pgfcore.code.tex
Package: pgfcore 2010/04/11 v3.0.1a (rcs-revision 1.7)

(//WorkSpace.rug.nl/aps/ServerBased/TexLive/2015/texmf-dist/tex/generic/pgf/mat
h/pgfmath.code.tex
(//WorkSpace.rug.nl/aps/ServerBased/TexLive/2015/texmf-dist/tex/generic/pgf/mat
h/pgfmathcalc.code.tex
(//WorkSpace.rug.nl/aps/ServerBased/TexLive/2015/texmf-dist/tex/generic/pgf/mat
h/pgfmathutil.code.tex)
(//WorkSpace.rug.nl/aps/ServerBased/TexLive/2015/texmf-dist/tex/generic/pgf/mat
h/pgfmathparser.code.tex
\pgfmath@dimen=\dimen117
\pgfmath@count=\count98
\pgfmath@box=\box31
\pgfmath@toks=\toks23
\pgfmath@stack@operand=\toks24
\pgfmath@stack@operation=\toks25
)
(//WorkSpace.rug.nl/aps/ServerBased/TexLive/2015/texmf-dist/tex/generic/pgf/mat
h/pgfmathfunctions.code.tex
(//WorkSpace.rug.nl/aps/ServerBased/TexLive/2015/texmf-dist/tex/generic/pgf/mat
h/pgfmathfunctions.basic.code.tex)
(//WorkSpace.rug.nl/aps/ServerBased/TexLive/2015/texmf-dist/tex/generic/pgf/mat
h/pgfmathfunctions.trigonometric.code.tex)
(//WorkSpace.rug.nl/aps/ServerBased/TexLive/2015/texmf-dist/tex/generic/pgf/mat
h/pgfmathfunctions.random.code.tex)
(//WorkSpace.rug.nl/aps/ServerBased/TexLive/2015/texmf-dist/tex/generic/pgf/mat
h/pgfmathfunctions.comparison.code.tex)
(//WorkSpace.rug.nl/aps/ServerBased/TexLive/2015/texmf-dist/tex/generic/pgf/mat
h/pgfmathfunctions.base.code.tex)
(//WorkSpace.rug.nl/aps/ServerBased/TexLive/2015/texmf-dist/tex/generic/pgf/mat
h/pgfmathfunctions.round.code.tex)
(//WorkSpace.rug.nl/aps/ServerBased/TexLive/2015/texmf-dist/tex/generic/pgf/mat
h/pgfmathfunctions.misc.code.tex)
(//WorkSpace.rug.nl/aps/ServerBased/TexLive/2015/texmf-dist/tex/generic/pgf/mat
h/pgfmathfunctions.integerarithmetics.code.tex)))
(//WorkSpace.rug.nl/aps/ServerBased/TexLive/2015/texmf-dist/tex/generic/pgf/mat
h/pgfmathfloat.code.tex
\c@pgfmathroundto@lastzeros=\count99
))
(//WorkSpace.rug.nl/aps/ServerBased/TexLive/2015/texmf-dist/tex/generic/pgf/bas
iclayer/pgfcorepoints.code.tex
File: pgfcorepoints.code.tex 2013/10/07  (rcs-revision 1.27)
\pgf@picminx=\dimen118
\pgf@picmaxx=\dimen119
\pgf@picminy=\dimen120
\pgf@picmaxy=\dimen121
\pgf@pathminx=\dimen122
\pgf@pathmaxx=\dimen123
\pgf@pathminy=\dimen124
\pgf@pathmaxy=\dimen125
\pgf@xx=\dimen126
\pgf@xy=\dimen127
\pgf@yx=\dimen128
\pgf@yy=\dimen129
\pgf@zx=\dimen130
\pgf@zy=\dimen131
)
(//WorkSpace.rug.nl/aps/ServerBased/TexLive/2015/texmf-dist/tex/generic/pgf/bas
iclayer/pgfcorepathconstruct.code.tex
File: pgfcorepathconstruct.code.tex 2013/10/07  (rcs-revision 1.29)
\pgf@path@lastx=\dimen132
\pgf@path@lasty=\dimen133
)
(//WorkSpace.rug.nl/aps/ServerBased/TexLive/2015/texmf-dist/tex/generic/pgf/bas
iclayer/pgfcorepathusage.code.tex
File: pgfcorepathusage.code.tex 2014/11/02  (rcs-revision 1.24)
\pgf@shorten@end@additional=\dimen134
\pgf@shorten@start@additional=\dimen135
)
(//WorkSpace.rug.nl/aps/ServerBased/TexLive/2015/texmf-dist/tex/generic/pgf/bas
iclayer/pgfcorescopes.code.tex
File: pgfcorescopes.code.tex 2015/05/08  (rcs-revision 1.46)
\pgfpic=\box32
\pgf@hbox=\box33
\pgf@layerbox@main=\box34
\pgf@picture@serial@count=\count100
)
(//WorkSpace.rug.nl/aps/ServerBased/TexLive/2015/texmf-dist/tex/generic/pgf/bas
iclayer/pgfcoregraphicstate.code.tex
File: pgfcoregraphicstate.code.tex 2014/11/02  (rcs-revision 1.12)
\pgflinewidth=\dimen136
)
(//WorkSpace.rug.nl/aps/ServerBased/TexLive/2015/texmf-dist/tex/generic/pgf/bas
iclayer/pgfcoretransformations.code.tex
File: pgfcoretransformations.code.tex 2015/08/07  (rcs-revision 1.20)
\pgf@pt@x=\dimen137
\pgf@pt@y=\dimen138
\pgf@pt@temp=\dimen139
)
(//WorkSpace.rug.nl/aps/ServerBased/TexLive/2015/texmf-dist/tex/generic/pgf/bas
iclayer/pgfcorequick.code.tex
File: pgfcorequick.code.tex 2008/10/09  (rcs-revision 1.3)
)
(//WorkSpace.rug.nl/aps/ServerBased/TexLive/2015/texmf-dist/tex/generic/pgf/bas
iclayer/pgfcoreobjects.code.tex
File: pgfcoreobjects.code.tex 2006/10/11  (rcs-revision 1.2)
)
(//WorkSpace.rug.nl/aps/ServerBased/TexLive/2015/texmf-dist/tex/generic/pgf/bas
iclayer/pgfcorepathprocessing.code.tex
File: pgfcorepathprocessing.code.tex 2013/09/09  (rcs-revision 1.9)
)
(//WorkSpace.rug.nl/aps/ServerBased/TexLive/2015/texmf-dist/tex/generic/pgf/bas
iclayer/pgfcorearrows.code.tex
File: pgfcorearrows.code.tex 2015/05/14  (rcs-revision 1.43)
\pgfarrowsep=\dimen140
)
(//WorkSpace.rug.nl/aps/ServerBased/TexLive/2015/texmf-dist/tex/generic/pgf/bas
iclayer/pgfcoreshade.code.tex
File: pgfcoreshade.code.tex 2013/07/15  (rcs-revision 1.15)
\pgf@max=\dimen141
\pgf@sys@shading@range@num=\count101
)
(//WorkSpace.rug.nl/aps/ServerBased/TexLive/2015/texmf-dist/tex/generic/pgf/bas
iclayer/pgfcoreimage.code.tex
File: pgfcoreimage.code.tex 2013/07/15  (rcs-revision 1.18)

(//WorkSpace.rug.nl/aps/ServerBased/TexLive/2015/texmf-dist/tex/generic/pgf/bas
iclayer/pgfcoreexternal.code.tex
File: pgfcoreexternal.code.tex 2014/07/09  (rcs-revision 1.21)
\pgfexternal@startupbox=\box35
))
(//WorkSpace.rug.nl/aps/ServerBased/TexLive/2015/texmf-dist/tex/generic/pgf/bas
iclayer/pgfcorelayers.code.tex
File: pgfcorelayers.code.tex 2013/07/18  (rcs-revision 1.7)
)
(//WorkSpace.rug.nl/aps/ServerBased/TexLive/2015/texmf-dist/tex/generic/pgf/bas
iclayer/pgfcoretransparency.code.tex
File: pgfcoretransparency.code.tex 2013/09/30  (rcs-revision 1.5)
)
(//WorkSpace.rug.nl/aps/ServerBased/TexLive/2015/texmf-dist/tex/generic/pgf/bas
iclayer/pgfcorepatterns.code.tex
File: pgfcorepatterns.code.tex 2013/11/07  (rcs-revision 1.5)
)))
(//WorkSpace.rug.nl/aps/ServerBased/TexLive/2015/texmf-dist/tex/generic/pgf/mod
ules/pgfmoduleshapes.code.tex
File: pgfmoduleshapes.code.tex 2014/03/21  (rcs-revision 1.35)
\pgfnodeparttextbox=\box36
)
(//WorkSpace.rug.nl/aps/ServerBased/TexLive/2015/texmf-dist/tex/generic/pgf/mod
ules/pgfmoduleplot.code.tex
File: pgfmoduleplot.code.tex 2015/08/03  (rcs-revision 1.13)
)
(//WorkSpace.rug.nl/aps/ServerBased/TexLive/2015/texmf-dist/tex/latex/pgf/compa
tibility/pgfcomp-version-0-65.sty
Package: pgfcomp-version-0-65 2007/07/03 v3.0.1a (rcs-revision 1.7)
\pgf@nodesepstart=\dimen142
\pgf@nodesepend=\dimen143
)
(//WorkSpace.rug.nl/aps/ServerBased/TexLive/2015/texmf-dist/tex/latex/pgf/compa
tibility/pgfcomp-version-1-18.sty
Package: pgfcomp-version-1-18 2007/07/23 v3.0.1a (rcs-revision 1.1)
))
(//WorkSpace.rug.nl/aps/ServerBased/TexLive/2015/texmf-dist/tex/latex/pgf/utili
ties/pgffor.sty
(//WorkSpace.rug.nl/aps/ServerBased/TexLive/2015/texmf-dist/tex/latex/pgf/utili
ties/pgfkeys.sty
(//WorkSpace.rug.nl/aps/ServerBased/TexLive/2015/texmf-dist/tex/generic/pgf/uti
lities/pgfkeys.code.tex))
(//WorkSpace.rug.nl/aps/ServerBased/TexLive/2015/texmf-dist/tex/latex/pgf/math/
pgfmath.sty
(//WorkSpace.rug.nl/aps/ServerBased/TexLive/2015/texmf-dist/tex/generic/pgf/mat
h/pgfmath.code.tex))
(//WorkSpace.rug.nl/aps/ServerBased/TexLive/2015/texmf-dist/tex/generic/pgf/uti
lities/pgffor.code.tex
Package: pgffor 2013/12/13 v3.0.1a (rcs-revision 1.25)

(//WorkSpace.rug.nl/aps/ServerBased/TexLive/2015/texmf-dist/tex/generic/pgf/mat
h/pgfmath.code.tex)
\pgffor@iter=\dimen144
\pgffor@skip=\dimen145
\pgffor@stack=\toks26
\pgffor@toks=\toks27
))
(//WorkSpace.rug.nl/aps/ServerBased/TexLive/2015/texmf-dist/tex/generic/pgf/fro
ntendlayer/tikz/tikz.code.tex
Package: tikz 2015/08/07 v3.0.1a (rcs-revision 1.151)

(//WorkSpace.rug.nl/aps/ServerBased/TexLive/2015/texmf-dist/tex/generic/pgf/lib
raries/pgflibraryplothandlers.code.tex
File: pgflibraryplothandlers.code.tex 2013/08/31 v3.0.1a (rcs-revision 1.20)
\pgf@plot@mark@count=\count102
\pgfplotmarksize=\dimen146
)
\tikz@lastx=\dimen147
\tikz@lasty=\dimen148
\tikz@lastxsaved=\dimen149
\tikz@lastysaved=\dimen150
\tikzleveldistance=\dimen151
\tikzsiblingdistance=\dimen152
\tikz@figbox=\box37
\tikz@figbox@bg=\box38
\tikz@tempbox=\box39
\tikz@tempbox@bg=\box40
\tikztreelevel=\count103
\tikznumberofchildren=\count104
\tikznumberofcurrentchild=\count105
\tikz@fig@count=\count106

(//WorkSpace.rug.nl/aps/ServerBased/TexLive/2015/texmf-dist/tex/generic/pgf/mod
ules/pgfmodulematrix.code.tex
File: pgfmodulematrix.code.tex 2013/09/17  (rcs-revision 1.8)
\pgfmatrixcurrentrow=\count107
\pgfmatrixcurrentcolumn=\count108
\pgf@matrix@numberofcolumns=\count109
)
\tikz@expandcount=\count110

(//WorkSpace.rug.nl/aps/ServerBased/TexLive/2015/texmf-dist/tex/generic/pgf/fro
ntendlayer/tikz/libraries/tikzlibrarytopaths.code.tex
File: tikzlibrarytopaths.code.tex 2008/06/17 v3.0.1a (rcs-revision 1.2)
)))
(//WorkSpace.rug.nl/aps/ServerBased/TexLive/2015/texmf-dist/tex/latex/base/ifth
en.sty
Package: ifthen 2014/09/29 v1.1c Standard LaTeX ifthen package (DPC)
)
(//WorkSpace.rug.nl/aps/ServerBased/TexLive/2015/texmf-dist/tex/latex/base/font
enc.sty
Package: fontenc 2005/09/27 v1.99g Standard LaTeX package

(//WorkSpace.rug.nl/aps/ServerBased/TexLive/2015/texmf-dist/tex/latex/base/t1en
c.def
File: t1enc.def 2005/09/27 v1.99g Standard LaTeX file
LaTeX Font Info:    Redeclaring font encoding T1 on input line 48.
))
(//WorkSpace.rug.nl/aps/ServerBased/TexLive/2015/texmf-dist/tex/generic/pgf/fro
ntendlayer/tikz/libraries/tikzlibrarydecorations.code.tex
(//WorkSpace.rug.nl/aps/ServerBased/TexLive/2015/texmf-dist/tex/generic/pgf/mod
ules/pgfmoduledecorations.code.tex
\pgfdecoratedcompleteddistance=\dimen153
\pgfdecoratedremainingdistance=\dimen154
\pgfdecoratedinputsegmentcompleteddistance=\dimen155
\pgfdecoratedinputsegmentremainingdistance=\dimen156
\pgf@decorate@distancetomove=\dimen157
\pgf@decorate@repeatstate=\count111
\pgfdecorationsegmentamplitude=\dimen158
\pgfdecorationsegmentlength=\dimen159
)
\tikz@lib@dec@box=\box41
)
(//WorkSpace.rug.nl/aps/ServerBased/TexLive/2015/texmf-dist/tex/generic/pgf/fro
ntendlayer/tikz/libraries/tikzlibraryfadings.code.tex
File: tikzlibraryfadings.code.tex 2009/11/15 v3.0.1a (rcs-revision 1.2)

(//WorkSpace.rug.nl/aps/ServerBased/TexLive/2015/texmf-dist/tex/generic/pgf/lib
raries/pgflibraryfadings.code.tex
File: pgflibraryfadings.code.tex 2008/02/07 v3.0.1a (rcs-revision 1.3)
))
(//WorkSpace.rug.nl/aps/ServerBased/TexLive/2015/texmf-dist/tex/generic/pgf/fro
ntendlayer/tikz/libraries/tikzlibrarysnakes.code.tex
File: tikzlibrarysnakes.code.tex 2013/07/15 v3.0.1a (rcs-revision 1.7)


Package pgf Warning: Snakes have been superseded by decorations. Please use the
 decoration libraries instead of the snakes library on input line 14.


(//WorkSpace.rug.nl/aps/ServerBased/TexLive/2015/texmf-dist/tex/generic/pgf/fro
ntendlayer/tikz/libraries/tikzlibrarydecorations.pathmorphing.code.tex
(//WorkSpace.rug.nl/aps/ServerBased/TexLive/2015/texmf-dist/tex/generic/pgf/lib
raries/decorations/pgflibrarydecorations.pathmorphing.code.tex))
(//WorkSpace.rug.nl/aps/ServerBased/TexLive/2015/texmf-dist/tex/generic/pgf/fro
ntendlayer/tikz/libraries/tikzlibrarydecorations.pathreplacing.code.tex
(//WorkSpace.rug.nl/aps/ServerBased/TexLive/2015/texmf-dist/tex/generic/pgf/lib
raries/decorations/pgflibrarydecorations.pathreplacing.code.tex))
(//WorkSpace.rug.nl/aps/ServerBased/TexLive/2015/texmf-dist/tex/generic/pgf/fro
ntendlayer/tikz/libraries/tikzlibrarydecorations.shapes.code.tex
(//WorkSpace.rug.nl/aps/ServerBased/TexLive/2015/texmf-dist/tex/generic/pgf/lib
raries/decorations/pgflibrarydecorations.shapes.code.tex)))
(//WorkSpace.rug.nl/aps/ServerBased/TexLive/2015/texmf-dist/tex/generic/pgf/fro
ntendlayer/tikz/libraries/tikzlibrarycalc.code.tex
File: tikzlibrarycalc.code.tex 2013/07/15 v3.0.1a (rcs-revision 1.9)
)
\baposter@movebody=\skip66
\baposter@basemarginright=\skip67
\baposter@basemarginleft=\skip68

Paperwidth=2392.87677pt
Paperheight=3383.03267pt
BasePaperwidth=698.73782pt
BasePaperheight=987.87073pt

(//WorkSpace.rug.nl/aps/ServerBased/TexLive/2015/texmf-dist/tex/latex/geometry/
geometry.sty
Package: geometry 2010/09/12 v5.6 Page Geometry

(//WorkSpace.rug.nl/aps/ServerBased/TexLive/2015/texmf-dist/tex/generic/oberdie
k/ifpdf.sty
Package: ifpdf 2011/01/30 v2.3 Provides the ifpdf switch (HO)
Package ifpdf Info: pdfTeX in PDF mode is detected.
)
(//WorkSpace.rug.nl/aps/ServerBased/TexLive/2015/texmf-dist/tex/generic/oberdie
k/ifvtex.sty
Package: ifvtex 2010/03/01 v1.5 Detect VTeX and its facilities (HO)
Package ifvtex Info: VTeX not detected.
)
(//WorkSpace.rug.nl/aps/ServerBased/TexLive/2015/texmf-dist/tex/generic/ifxetex
/ifxetex.sty
Package: ifxetex 2010/09/12 v0.6 Provides ifxetex conditional
)
\Gm@cnth=\count112
\Gm@cntv=\count113
\c@Gm@tempcnt=\count114
\Gm@bindingoffset=\dimen160
\Gm@wd@mp=\dimen161
\Gm@odd@mp=\dimen162
\Gm@even@mp=\dimen163
\Gm@layoutwidth=\dimen164
\Gm@layoutheight=\dimen165
\Gm@layouthoffset=\dimen166
\Gm@layoutvoffset=\dimen167
\Gm@dimlist=\toks28
)
(//WorkSpace.rug.nl/aps/ServerBased/TexLive/2015/texmf-dist/tex/latex/pgf/utili
ties/pgfpages.sty
Package: pgfpages 2011/01/05 ver 0.02
\pgf@logicalpages=\count115
\pgf@firstshipout=\count116
\pgf@lastshipout=\count117
\pgf@currentshipout=\count118
\pgf@cpn=\count119
\pgf@shipoutnextto=\count120
\pgfphysicalheight=\dimen168
\pgfphysicalwidth=\dimen169
\pgfpages@shipoutbox=\box42
)
\pgfpages@box@1=\box43
)
(//WorkSpace.rug.nl/aps/ServerBased/TexLive/2015/texmf-dist/tex/latex/caption/c
aption.sty
Package: caption 2016/02/21 v3.3-144 Customizing captions (AR)

(//WorkSpace.rug.nl/aps/ServerBased/TexLive/2015/texmf-dist/tex/latex/caption/c
aption3.sty
Package: caption3 2016/02/04 v1.7-139 caption3 kernel (AR)
Package caption3 Info: TeX engine: e-TeX on input line 67.
\captionmargin=\dimen170
\captionmargin@=\dimen171
\captionwidth=\dimen172
\caption@tempdima=\dimen173
\caption@indent=\dimen174
\caption@parindent=\dimen175
\caption@hangindent=\dimen176
)
\c@ContinuedFloat=\count121
)
(//WorkSpace.rug.nl/aps/ServerBased/TexLive/2015/texmf-dist/tex/latex/booktabs/
booktabs.sty
Package: booktabs 2005/04/14 v1.61803 publication quality tables
\heavyrulewidth=\dimen177
\lightrulewidth=\dimen178
\cmidrulewidth=\dimen179
\belowrulesep=\dimen180
\belowbottomsep=\dimen181
\aboverulesep=\dimen182
\abovetopsep=\dimen183
\cmidrulesep=\dimen184
\cmidrulekern=\dimen185
\defaultaddspace=\dimen186
\@cmidla=\count122
\@cmidlb=\count123
\@aboverulesep=\dimen187
\@belowrulesep=\dimen188
\@thisruleclass=\count124
\@lastruleclass=\count125
\@thisrulewidth=\dimen189
)
(//WorkSpace.rug.nl/aps/ServerBased/TexLive/2015/texmf-dist/tex/latex/relsize/r
elsize.sty
Package: relsize 2013/03/29 ver 4.1
) (./conference_poster_3.aux)
\openout1 = `conference_poster_3.aux'.

LaTeX Font Info:    Checking defaults for OML/cmm/m/it on input line 37.
LaTeX Font Info:    ... okay on input line 37.
LaTeX Font Info:    Checking defaults for T1/cmr/m/n on input line 37.
LaTeX Font Info:    ... okay on input line 37.
LaTeX Font Info:    Checking defaults for OT1/cmr/m/n on input line 37.
LaTeX Font Info:    ... okay on input line 37.
LaTeX Font Info:    Checking defaults for OMS/cmsy/m/n on input line 37.
LaTeX Font Info:    ... okay on input line 37.
LaTeX Font Info:    Checking defaults for OMX/cmex/m/n on input line 37.
LaTeX Font Info:    ... okay on input line 37.
LaTeX Font Info:    Checking defaults for U/cmr/m/n on input line 37.
LaTeX Font Info:    ... okay on input line 37.

(//WorkSpace.rug.nl/aps/ServerBased/TexLive/2015/texmf-dist/tex/context/base/su
pp-pdf.mkii
[Loading MPS to PDF converter (version 2006.09.02).]
\scratchcounter=\count126
\scratchdimen=\dimen190
\scratchbox=\box44
\nofMPsegments=\count127
\nofMParguments=\count128
\everyMPshowfont=\toks29
\MPscratchCnt=\count129
\MPscratchDim=\dimen191
\MPnumerator=\count130
\makeMPintoPDFobject=\count131
\everyMPtoPDFconversion=\toks30
) ABD: EveryShipout initializing macros
(//WorkSpace.rug.nl/aps/ServerBased/TexLive/2015/texmf-dist/tex/generic/oberdie
k/pdftexcmds.sty
Package: pdftexcmds 2011/11/29 v0.20 Utility functions of pdfTeX for LuaTeX (HO
)

(//WorkSpace.rug.nl/aps/ServerBased/TexLive/2015/texmf-dist/tex/generic/oberdie
k/ifluatex.sty
Package: ifluatex 2010/03/01 v1.3 Provides the ifluatex switch (HO)
Package ifluatex Info: LuaTeX not detected.
)
Package pdftexcmds Info: LuaTeX not detected.
Package pdftexcmds Info: \pdf@primitive is available.
Package pdftexcmds Info: \pdf@ifprimitive is available.
Package pdftexcmds Info: \pdfdraftmode found.
)
(//WorkSpace.rug.nl/aps/ServerBased/TexLive/2015/texmf-dist/tex/latex/oberdiek/
epstopdf-base.sty
Package: epstopdf-base 2010/02/09 v2.5 Base part for package epstopdf

(//WorkSpace.rug.nl/aps/ServerBased/TexLive/2015/texmf-dist/tex/latex/oberdiek/
grfext.sty
Package: grfext 2010/08/19 v1.1 Manage graphics extensions (HO)

(//WorkSpace.rug.nl/aps/ServerBased/TexLive/2015/texmf-dist/tex/generic/oberdie
k/kvdefinekeys.sty
Package: kvdefinekeys 2011/04/07 v1.3 Define keys (HO)
))
(//WorkSpace.rug.nl/aps/ServerBased/TexLive/2015/texmf-dist/tex/latex/oberdiek/
kvoptions.sty
Package: kvoptions 2011/06/30 v3.11 Key value format for package options (HO)

(//WorkSpace.rug.nl/aps/ServerBased/TexLive/2015/texmf-dist/tex/generic/oberdie
k/kvsetkeys.sty
Package: kvsetkeys 2012/04/25 v1.16 Key value parser (HO)

(//WorkSpace.rug.nl/aps/ServerBased/TexLive/2015/texmf-dist/tex/generic/oberdie
k/etexcmds.sty
Package: etexcmds 2011/02/16 v1.5 Avoid name clashes with e-TeX commands (HO)
Package etexcmds Info: Could not find \expanded.
(etexcmds)             That can mean that you are not using pdfTeX 1.50 or
(etexcmds)             that some package has redefined \expanded.
(etexcmds)             In the latter case, load this package earlier.
)))
Package grfext Info: Graphics extension search list:
(grfext)             [.png,.pdf,.jpg,.mps,.jpeg,.jbig2,.jb2,.PNG,.PDF,.JPG,.JPE
G,.JBIG2,.JB2,.eps]
(grfext)             \AppendGraphicsExtensions on input line 452.

(//WorkSpace.rug.nl/aps/ServerBased/TexLive/2015/texmf-dist/tex/latex/latexconf
ig/epstopdf-sys.cfg
File: epstopdf-sys.cfg 2010/07/13 v1.3 Configuration of (r)epstopdf for TeX Liv
e
))
*geometry* driver: auto-detecting
*geometry* detected driver: pdftex
*geometry* verbose mode - [ preamble ] result:
* driver: pdftex
* paper: custom
* layout: <same size as paper>
* layoutoffset:(h,v)=(0.0pt,0.0pt)
* modes: 
* h-part:(L,W,R)=(12.46262pt, 673.81259pt, 12.46262pt)
* v-part:(T,H,B)=(12.46262pt, 962.9455pt, 12.46262pt)
* \paperwidth=698.73782pt
* \paperheight=987.87073pt
* \textwidth=673.81259pt
* \textheight=962.9455pt
* \oddsidemargin=-59.80737pt
* \evensidemargin=-59.80737pt
* \topmargin=-96.80737pt
* \headheight=12.0pt
* \headsep=25.0pt
* \topskip=10.0pt
* \footskip=30.0pt
* \marginparwidth=65.0pt
* \marginparsep=11.0pt
* \columnsep=10.0pt
* \skip\footins=9.0pt plus 4.0pt minus 2.0pt
* \hoffset=0.0pt
* \voffset=0.0pt
* \mag=1000
* \@twocolumnfalse
* \@twosidefalse
* \@mparswitchfalse
* \@reversemarginfalse
* (1in=72.27pt=25.4mm, 1cm=28.453pt)

Package caption Info: Begin \AtBeginDocument code.
Package caption Info: End \AtBeginDocument code.
<figures/background.pdf, id=29, 1393.205pt x 916.42375pt>
File: figures/background.pdf Graphic file (type pdf)

<use figures/background.pdf>
Package pdftex.def Info: figures/background.pdf used on input line 69.
(pdftex.def)             Requested size: 1610.4004pt x 1059.24591pt.
Package epstopdf Info: Source file: <figures/logo.eps>
(epstopdf)                    date: 2016-10-17 13:09:06
(epstopdf)                    size: 159625 bytes
(epstopdf)             Output file: <figures/logo-eps-converted-to.pdf>
(epstopdf)                    date: 2016-10-17 13:09:06
(epstopdf)                    size: 33953 bytes
(epstopdf)             Command: <repstopdf --outfile=figures/logo-eps-converted
-to.pdf figures/logo.eps>
(epstopdf)             \includegraphics on input line 69.
Package epstopdf Info: Output file is already uptodate.

<figures/logo-eps-converted-to.pdf, id=30, 114.4275pt x 118.4425pt>
File: figures/logo-eps-converted-to.pdf Graphic file (type pdf)

<use figures/logo-eps-converted-to.pdf>
Package pdftex.def Info: figures/logo-eps-converted-to.pdf used on input line 6
9.
(pdftex.def)             Requested size: 80.0987pt x 82.90916pt.
LaTeX Font Info:    Try loading font information for T1+cmss on input line 69.

(//WorkSpace.rug.nl/aps/ServerBased/TexLive/2015/texmf-dist/tex/latex/base/t1cm
ss.fd
File: t1cmss.fd 2014/09/29 v2.5h Standard LaTeX font definitions
)
LaTeX Font Info:    External font `cmex10' loaded for size
(Font)              <7> on input line 69.
LaTeX Font Info:    External font `cmex10' loaded for size
(Font)              <5> on input line 69.

Underfull \hbox (badness 1831) in paragraph at lines 90--90
[]\T1/cmr/m/n/10 random net-work mod-els, such as stochas-tic block-mod-els and

 []

Missing character: There is no ; in font nullfont!
Missing character: There is no ; in font nullfont!
Missing character: There is no ; in font nullfont!
Missing character: There is no ; in font nullfont!
Missing character: There is no ; in font nullfont!
Missing character: There is no ; in font nullfont!
LaTeX Font Info:    Try loading font information for T1+cmtt on input line 145.


(//WorkSpace.rug.nl/aps/ServerBased/TexLive/2015/texmf-dist/tex/latex/base/t1cm
tt.fd
File: t1cmtt.fd 2014/09/29 v2.5h Standard LaTeX font definitions
) <figures/example-mirko.pdf, id=33, page=1, 542.025pt x 505.89pt>
File: figures/example-mirko.pdf Graphic file (type pdf)

<use figures/example-mirko.pdf, page 1>
Package pdftex.def Info: figures/example-mirko.pdf, page1 used on input line 14
5.
(pdftex.def)             Requested size: 144.85849pt x 89.57747pt.

<figures/example-mirko.pdf, id=34, page=2, 542.025pt x 505.89pt>
File: figures/example-mirko.pdf Graphic file (type pdf)

<use figures/example-mirko.pdf, page 2>
Package pdftex.def Info: figures/example-mirko.pdf, page2 used on input line 14
5.
(pdftex.def)             Requested size: 144.85849pt x 89.57747pt.
Missing character: There is no ; in font nullfont!
Missing character: There is no ; in font nullfont!
Missing character: There is no ; in font nullfont!
Missing character: There is no ; in font nullfont!
Missing character: There is no ; in font nullfont!
Missing character: There is no ; in font nullfont!

<figures/placeholder.jpg, id=35, 351.3125pt x 193.72375pt>
File: figures/placeholder.jpg Graphic file (type jpg)

<use figures/placeholder.jpg>
Package pdftex.def Info: figures/placeholder.jpg used on input line 225.
(pdftex.def)             Requested size: 64.381pt x 35.50134pt.
File: figures/placeholder.jpg Graphic file (type jpg)
 <use figures/placeholder.jpg>
Package pdftex.def Info: figures/placeholder.jpg used on input line 225.
(pdftex.def)             Requested size: 64.381pt x 35.50134pt.
Missing character: There is no ; in font nullfont!
Missing character: There is no ; in font nullfont!
Missing character: There is no ; in font nullfont!

Overfull \hbox (2.22534pt too wide) in paragraph at lines 69--229
[][]  [] 
 []

[2

{//WorkSpace.rug.nl/aps/ServerBased/TexLive/2015/texmf-var/fonts/map/pdftex/upd
map/pdftex.map} <./figures/background.pdf> <./figures/logo-eps-converted-to.pdf
> <./figures/example-mirko.pdf> <./figures/example-mirko.pdf> <./figures/placeh
older.jpg>] (./conference_poster_3.aux) ) 
Here is how much of TeX's memory you used:
 15421 strings out of 493027
 328176 string characters out of 6137240
 372539 words of memory out of 5000000
 18660 multiletter control sequences out of 15000+600000
 13112 words of font info for 27 fonts, out of 8000000 for 9000
 1141 hyphenation exceptions out of 8191
 62i,11n,92p,888b,954s stack positions out of 5000i,500n,10000p,200000b,80000s
{//WorkSpace.rug.nl/aps/ServerBased/Te
xLive/2015/texmf-dist/fonts/enc/dvips/cm-super/cm-super-t1.enc}<//WorkSpace.rug
.nl/aps/ServerBased/TexLive/2015/texmf-dist/fonts/type1/public/amsfonts/cm/cmmi
10.pfb><//WorkSpace.rug.nl/aps/ServerBased/TexLive/2015/texmf-dist/fonts/type1/
public/amsfonts/cm/cmmi7.pfb><//WorkSpace.rug.nl/aps/ServerBased/TexLive/2015/t
exmf-dist/fonts/type1/public/amsfonts/cm/cmr10.pfb><//WorkSpace.rug.nl/aps/Serv
erBased/TexLive/2015/texmf-dist/fonts/type1/public/amsfonts/cm/cmr7.pfb><//Work
Space.rug.nl/aps/ServerBased/TexLive/2015/texmf-dist/fonts/type1/public/amsfont
s/cm/cmsy10.pfb><//WorkSpace.rug.nl/aps/ServerBased/TexLive/2015/texmf-dist/fon
ts/type1/public/cm-super/sfbx0900.pfb><//WorkSpace.rug.nl/aps/ServerBased/TexLi
ve/2015/texmf-dist/fonts/type1/public/cm-super/sfbx1000.pfb><//WorkSpace.rug.nl
/aps/ServerBased/TexLive/2015/texmf-dist/fonts/type1/public/cm-super/sfbx1440.p
fb><//WorkSpace.rug.nl/aps/ServerBased/TexLive/2015/texmf-dist/fonts/type1/publ
ic/cm-super/sfbx2488.pfb><//WorkSpace.rug.nl/aps/ServerBased/TexLive/2015/texmf
-dist/fonts/type1/public/cm-super/sfrm0800.pfb><//WorkSpace.rug.nl/aps/ServerBa
sed/TexLive/2015/texmf-dist/fonts/type1/public/cm-super/sfrm0900.pfb><//WorkSpa
ce.rug.nl/aps/ServerBased/TexLive/2015/texmf-dist/fonts/type1/public/cm-super/s
frm1000.pfb><//WorkSpace.rug.nl/aps/ServerBased/TexLive/2015/texmf-dist/fonts/t
ype1/public/cm-super/sfrm1440.pfb><//WorkSpace.rug.nl/aps/ServerBased/TexLive/2
015/texmf-dist/fonts/type1/public/cm-super/sfti1000.pfb><//WorkSpace.rug.nl/aps
/ServerBased/TexLive/2015/texmf-dist/fonts/type1/public/cm-super/sftt1000.pfb>
Output written on conference_poster_3.pdf (1 page, 369507 bytes).
PDF statistics:
 113 PDF objects out of 1000 (max. 8388607)
 70 compressed objects within 1 object stream
 0 named destinations out of 1000 (max. 500000)
 140 words of extra memory for PDF output out of 10000 (max. 10000000)

